Running at Thu Jul 11 02:32:00 EDT 2024
Sourced shell profile
PATH: /Users/morrykolman/.pyenv/bin:/usr/bin:/bin
Pyenv initialized
Pyenv environment activated: 
Python version: Python 3.9.6
Pip list: 
Changed directory to /Users/morrykolman/rand_git/desktop_clock
Traceback (most recent call last):
  File "/Users/morrykolman/rand_git/desktop_clock/make_arrow_once.py", line 2, in <module>
    import cv2
ModuleNotFoundError: No module named 'cv2'
Script executed
Running at Thu Jul 11 02:33:00 EDT 2024
Sourced shell profile
PATH: /Users/morrykolman/.pyenv/bin:/usr/bin:/bin
Pyenv initialized
Pyenv environment activated: 
Python version: Python 3.9.6
Pip list: 
Changed directory to /Users/morrykolman/rand_git/desktop_clock
Traceback (most recent call last):
  File "/Users/morrykolman/rand_git/desktop_clock/make_arrow_once.py", line 2, in <module>
    import cv2
ModuleNotFoundError: No module named 'cv2'
Script executed
Running at Thu Jul 11 02:34:00 EDT 2024
Sourced shell profile
PATH: /Users/morrykolman/.pyenv/bin:/usr/bin:/bin
Pyenv initialized
Pyenv environment activated: 
Python version: Python 3.9.6
Pip list: 
Changed directory to /Users/morrykolman/rand_git/desktop_clock
Traceback (most recent call last):
  File "/Users/morrykolman/rand_git/desktop_clock/make_arrow_once.py", line 2, in <module>
    import cv2
ModuleNotFoundError: No module named 'cv2'
Script executed
  File "/Users/morrykolman/rand_git/desktop_clock/run_clock.sh", line 4
    echo "Running at $(date)" >> /Users/morrykolman/rand_git/desktop_clock/cron.log
         ^^^^^^^^^^^^^^^^^^^^
SyntaxError: invalid syntax
157
78.5
hour is : 2
min  is : 37
hour deg: 348.5
minu deg: 492
<class 'numpy.ndarray'>
Type of na after UMat conversion: <class 'numpy.ndarray'>, shape: (1024, 1024, 4), dtype: uint8
158
79.0
hour is : 2
min  is : 38
hour deg: 349.0
minu deg: 498
<class 'numpy.ndarray'>
Type of na after UMat conversion: <class 'numpy.ndarray'>, shape: (1024, 1024, 4), dtype: uint8
159
79.5
hour is : 2
min  is : 39
hour deg: 349.5
minu deg: 504
<class 'numpy.ndarray'>
Type of na after UMat conversion: <class 'numpy.ndarray'>, shape: (1024, 1024, 4), dtype: uint8
160
80.0
hour is : 2
min  is : 40
hour deg: 350.0
minu deg: 510
<class 'numpy.ndarray'>
Type of na after UMat conversion: <class 'numpy.ndarray'>, shape: (1024, 1024, 4), dtype: uint8
161
80.5
hour is : 2
min  is : 41
hour deg: 350.5
minu deg: 516
<class 'numpy.ndarray'>
Type of na after UMat conversion: <class 'numpy.ndarray'>, shape: (1024, 1024, 4), dtype: uint8
162
81.0
hour is : 2
min  is : 42
hour deg: 351.0
minu deg: 522
<class 'numpy.ndarray'>
Type of na after UMat conversion: <class 'numpy.ndarray'>, shape: (1024, 1024, 4), dtype: uint8
163
81.5
hour is : 2
min  is : 43
hour deg: 351.5
minu deg: 528
<class 'numpy.ndarray'>
Type of na after UMat conversion: <class 'numpy.ndarray'>, shape: (1024, 1024, 4), dtype: uint8
164
82.0
hour is : 2
min  is : 44
hour deg: 352.0
minu deg: 534
<class 'numpy.ndarray'>
Type of na after UMat conversion: <class 'numpy.ndarray'>, shape: (1024, 1024, 4), dtype: uint8
165
82.5
hour is : 2
min  is : 45
hour deg: 352.5
minu deg: 540
<class 'numpy.ndarray'>
Type of na after UMat conversion: <class 'numpy.ndarray'>, shape: (1024, 1024, 4), dtype: uint8
166
83.0
hour is : 2
min  is : 46
hour deg: 353.0
minu deg: 546
<class 'numpy.ndarray'>
Type of na after UMat conversion: <class 'numpy.ndarray'>, shape: (1024, 1024, 4), dtype: uint8
167
83.5
hour is : 2
min  is : 47
hour deg: 353.5
minu deg: 552
<class 'numpy.ndarray'>
Type of na after UMat conversion: <class 'numpy.ndarray'>, shape: (1024, 1024, 4), dtype: uint8
168
84.0
hour is : 2
min  is : 48
hour deg: 354.0
minu deg: 558
<class 'numpy.ndarray'>
Type of na after UMat conversion: <class 'numpy.ndarray'>, shape: (1024, 1024, 4), dtype: uint8
169
84.5
hour is : 2
min  is : 49
hour deg: 354.5
minu deg: 564
<class 'numpy.ndarray'>
Type of na after UMat conversion: <class 'numpy.ndarray'>, shape: (1024, 1024, 4), dtype: uint8
170
85.0
hour is : 2
min  is : 50
hour deg: 355.0
minu deg: 570
<class 'numpy.ndarray'>
Type of na after UMat conversion: <class 'numpy.ndarray'>, shape: (1024, 1024, 4), dtype: uint8
192
96.0
hour is : 3
min  is : 12
hour deg: 366.0
minu deg: 342
<class 'numpy.ndarray'>
Type of na after UMat conversion: <class 'numpy.ndarray'>, shape: (1024, 1024, 4), dtype: uint8
236
118.0
hour is : 3
min  is : 56
hour deg: 388.0
minu deg: 606
<class 'numpy.ndarray'>
Type of na after UMat conversion: <class 'numpy.ndarray'>, shape: (1024, 1024, 4), dtype: uint8
237
118.5
hour is : 3
min  is : 57
hour deg: 388.5
minu deg: 612
<class 'numpy.ndarray'>
Type of na after UMat conversion: <class 'numpy.ndarray'>, shape: (1024, 1024, 4), dtype: uint8
292
146.0
hour is : 4
min  is : 52
hour deg: 416.0
minu deg: 582
<class 'numpy.ndarray'>
Type of na after UMat conversion: <class 'numpy.ndarray'>, shape: (1024, 1024, 4), dtype: uint8
441
220.5
hour is : 7
min  is : 21
hour deg: 490.5
minu deg: 396
<class 'numpy.ndarray'>
Type of na after UMat conversion: <class 'numpy.ndarray'>, shape: (1024, 1024, 4), dtype: uint8
462
231.0
hour is : 7
min  is : 42
hour deg: 501.0
minu deg: 522
<class 'numpy.ndarray'>
Type of na after UMat conversion: <class 'numpy.ndarray'>, shape: (1024, 1024, 4), dtype: uint8
489
244.5
hour is : 8
min  is : 9
hour deg: 514.5
minu deg: 324
<class 'numpy.ndarray'>
Type of na after UMat conversion: <class 'numpy.ndarray'>, shape: (1024, 1024, 4), dtype: uint8
520
260.0
hour is : 8
min  is : 40
hour deg: 530.0
minu deg: 510
<class 'numpy.ndarray'>
Type of na after UMat conversion: <class 'numpy.ndarray'>, shape: (1024, 1024, 4), dtype: uint8
523
261.5
hour is : 8
min  is : 43
hour deg: 531.5
minu deg: 528
<class 'numpy.ndarray'>
Type of na after UMat conversion: <class 'numpy.ndarray'>, shape: (1024, 1024, 4), dtype: uint8
561
280.5
hour is : 9
min  is : 21
hour deg: 550.5
minu deg: 396
<class 'numpy.ndarray'>
Type of na after UMat conversion: <class 'numpy.ndarray'>, shape: (1024, 1024, 4), dtype: uint8
562
281.0
hour is : 9
min  is : 22
hour deg: 551.0
minu deg: 402
<class 'numpy.ndarray'>
Type of na after UMat conversion: <class 'numpy.ndarray'>, shape: (1024, 1024, 4), dtype: uint8
563
281.5
hour is : 9
min  is : 23
hour deg: 551.5
minu deg: 408
<class 'numpy.ndarray'>
Type of na after UMat conversion: <class 'numpy.ndarray'>, shape: (1024, 1024, 4), dtype: uint8
568
284.0
hour is : 9
min  is : 28
hour deg: 554.0
minu deg: 438
<class 'numpy.ndarray'>
Type of na after UMat conversion: <class 'numpy.ndarray'>, shape: (1024, 1024, 4), dtype: uint8
578
289.0
hour is : 9
min  is : 38
hour deg: 559.0
minu deg: 498
<class 'numpy.ndarray'>
Type of na after UMat conversion: <class 'numpy.ndarray'>, shape: (1024, 1024, 4), dtype: uint8
585
292.5
hour is : 9
min  is : 45
hour deg: 562.5
minu deg: 540
<class 'numpy.ndarray'>
Type of na after UMat conversion: <class 'numpy.ndarray'>, shape: (1024, 1024, 4), dtype: uint8
590
295.0
hour is : 9
min  is : 50
hour deg: 565.0
minu deg: 570
<class 'numpy.ndarray'>
Type of na after UMat conversion: <class 'numpy.ndarray'>, shape: (1024, 1024, 4), dtype: uint8
591
295.5
hour is : 9
min  is : 51
hour deg: 565.5
minu deg: 576
<class 'numpy.ndarray'>
Type of na after UMat conversion: <class 'numpy.ndarray'>, shape: (1024, 1024, 4), dtype: uint8
601
300.5
hour is : 10
min  is : 1
hour deg: 570.5
minu deg: 276
<class 'numpy.ndarray'>
Type of na after UMat conversion: <class 'numpy.ndarray'>, shape: (1024, 1024, 4), dtype: uint8
602
301.0
hour is : 10
min  is : 2
hour deg: 571.0
minu deg: 282
<class 'numpy.ndarray'>
Type of na after UMat conversion: <class 'numpy.ndarray'>, shape: (1024, 1024, 4), dtype: uint8
615
307.5
hour is : 10
min  is : 15
hour deg: 577.5
minu deg: 360
<class 'numpy.ndarray'>
Type of na after UMat conversion: <class 'numpy.ndarray'>, shape: (1024, 1024, 4), dtype: uint8
646
323.0
hour is : 10
min  is : 46
hour deg: 593.0
minu deg: 546
<class 'numpy.ndarray'>
Type of na after UMat conversion: <class 'numpy.ndarray'>, shape: (1024, 1024, 4), dtype: uint8
648
324.0
hour is : 10
min  is : 48
hour deg: 594.0
minu deg: 558
<class 'numpy.ndarray'>
Type of na after UMat conversion: <class 'numpy.ndarray'>, shape: (1024, 1024, 4), dtype: uint8
649
324.5
hour is : 10
min  is : 49
hour deg: 594.5
minu deg: 564
<class 'numpy.ndarray'>
Type of na after UMat conversion: <class 'numpy.ndarray'>, shape: (1024, 1024, 4), dtype: uint8
652
326.0
hour is : 10
min  is : 52
hour deg: 596.0
minu deg: 582
<class 'numpy.ndarray'>
Type of na after UMat conversion: <class 'numpy.ndarray'>, shape: (1024, 1024, 4), dtype: uint8
653
326.5
hour is : 10
min  is : 53
hour deg: 596.5
minu deg: 588
<class 'numpy.ndarray'>
Type of na after UMat conversion: <class 'numpy.ndarray'>, shape: (1024, 1024, 4), dtype: uint8
658
329.0
hour is : 10
min  is : 58
hour deg: 599.0
minu deg: 618
<class 'numpy.ndarray'>
Type of na after UMat conversion: <class 'numpy.ndarray'>, shape: (1024, 1024, 4), dtype: uint8
662
331.0
hour is : 11
min  is : 2
hour deg: 601.0
minu deg: 282
<class 'numpy.ndarray'>
Type of na after UMat conversion: <class 'numpy.ndarray'>, shape: (1024, 1024, 4), dtype: uint8
663
331.5
hour is : 11
min  is : 3
hour deg: 601.5
minu deg: 288
<class 'numpy.ndarray'>
Type of na after UMat conversion: <class 'numpy.ndarray'>, shape: (1024, 1024, 4), dtype: uint8
669
334.5
hour is : 11
min  is : 9
hour deg: 604.5
minu deg: 324
<class 'numpy.ndarray'>
Type of na after UMat conversion: <class 'numpy.ndarray'>, shape: (1024, 1024, 4), dtype: uint8
674
337.0
hour is : 11
min  is : 14
hour deg: 607.0
minu deg: 354
<class 'numpy.ndarray'>
Type of na after UMat conversion: <class 'numpy.ndarray'>, shape: (1024, 1024, 4), dtype: uint8
675
337.5
hour is : 11
min  is : 15
hour deg: 607.5
minu deg: 360
<class 'numpy.ndarray'>
Type of na after UMat conversion: <class 'numpy.ndarray'>, shape: (1024, 1024, 4), dtype: uint8
676
338.0
hour is : 11
min  is : 16
hour deg: 608.0
minu deg: 366
<class 'numpy.ndarray'>
Type of na after UMat conversion: <class 'numpy.ndarray'>, shape: (1024, 1024, 4), dtype: uint8
680
340.0
hour is : 11
min  is : 20
hour deg: 610.0
minu deg: 390
<class 'numpy.ndarray'>
Type of na after UMat conversion: <class 'numpy.ndarray'>, shape: (1024, 1024, 4), dtype: uint8
684
342.0
hour is : 11
min  is : 24
hour deg: 612.0
minu deg: 414
<class 'numpy.ndarray'>
Type of na after UMat conversion: <class 'numpy.ndarray'>, shape: (1024, 1024, 4), dtype: uint8
686
343.0
hour is : 11
min  is : 26
hour deg: 613.0
minu deg: 426
<class 'numpy.ndarray'>
Type of na after UMat conversion: <class 'numpy.ndarray'>, shape: (1024, 1024, 4), dtype: uint8
687
343.5
hour is : 11
min  is : 27
hour deg: 613.5
minu deg: 432
<class 'numpy.ndarray'>
Type of na after UMat conversion: <class 'numpy.ndarray'>, shape: (1024, 1024, 4), dtype: uint8
688
344.0
hour is : 11
min  is : 28
hour deg: 614.0
minu deg: 438
<class 'numpy.ndarray'>
Type of na after UMat conversion: <class 'numpy.ndarray'>, shape: (1024, 1024, 4), dtype: uint8
689
344.5
hour is : 11
min  is : 29
hour deg: 614.5
minu deg: 444
<class 'numpy.ndarray'>
Type of na after UMat conversion: <class 'numpy.ndarray'>, shape: (1024, 1024, 4), dtype: uint8
690
345.0
hour is : 11
min  is : 30
hour deg: 615.0
minu deg: 450
<class 'numpy.ndarray'>
Type of na after UMat conversion: <class 'numpy.ndarray'>, shape: (1024, 1024, 4), dtype: uint8
695
347.5
hour is : 11
min  is : 35
hour deg: 617.5
minu deg: 480
<class 'numpy.ndarray'>
Type of na after UMat conversion: <class 'numpy.ndarray'>, shape: (1024, 1024, 4), dtype: uint8
701
350.5
hour is : 11
min  is : 41
hour deg: 620.5
minu deg: 516
<class 'numpy.ndarray'>
Type of na after UMat conversion: <class 'numpy.ndarray'>, shape: (1024, 1024, 4), dtype: uint8
702
351.0
hour is : 11
min  is : 42
hour deg: 621.0
minu deg: 522
<class 'numpy.ndarray'>
Type of na after UMat conversion: <class 'numpy.ndarray'>, shape: (1024, 1024, 4), dtype: uint8
704
352.0
hour is : 11
min  is : 44
hour deg: 622.0
minu deg: 534
<class 'numpy.ndarray'>
Type of na after UMat conversion: <class 'numpy.ndarray'>, shape: (1024, 1024, 4), dtype: uint8
706
353.0
hour is : 11
min  is : 46
hour deg: 623.0
minu deg: 546
<class 'numpy.ndarray'>
Type of na after UMat conversion: <class 'numpy.ndarray'>, shape: (1024, 1024, 4), dtype: uint8
708
354.0
hour is : 11
min  is : 48
hour deg: 624.0
minu deg: 558
<class 'numpy.ndarray'>
Type of na after UMat conversion: <class 'numpy.ndarray'>, shape: (1024, 1024, 4), dtype: uint8
709
354.5
hour is : 11
min  is : 49
hour deg: 624.5
minu deg: 564
<class 'numpy.ndarray'>
Type of na after UMat conversion: <class 'numpy.ndarray'>, shape: (1024, 1024, 4), dtype: uint8
718
359.0
hour is : 11
min  is : 58
hour deg: 629.0
minu deg: 618
<class 'numpy.ndarray'>
Type of na after UMat conversion: <class 'numpy.ndarray'>, shape: (1024, 1024, 4), dtype: uint8
735
367.5
hour is : 0
min  is : 15
hour deg: 637.5
minu deg: 360
<class 'numpy.ndarray'>
Type of na after UMat conversion: <class 'numpy.ndarray'>, shape: (1024, 1024, 4), dtype: uint8
736
368.0
hour is : 0
min  is : 16
hour deg: 638.0
minu deg: 366
<class 'numpy.ndarray'>
Type of na after UMat conversion: <class 'numpy.ndarray'>, shape: (1024, 1024, 4), dtype: uint8
738
369.0
hour is : 0
min  is : 18
hour deg: 639.0
minu deg: 378
<class 'numpy.ndarray'>
Type of na after UMat conversion: <class 'numpy.ndarray'>, shape: (1024, 1024, 4), dtype: uint8
740
370.0
hour is : 0
min  is : 20
hour deg: 640.0
minu deg: 390
<class 'numpy.ndarray'>
Type of na after UMat conversion: <class 'numpy.ndarray'>, shape: (1024, 1024, 4), dtype: uint8
749
374.5
hour is : 0
min  is : 29
hour deg: 644.5
minu deg: 444
<class 'numpy.ndarray'>
Type of na after UMat conversion: <class 'numpy.ndarray'>, shape: (1024, 1024, 4), dtype: uint8
755
377.5
hour is : 0
min  is : 35
hour deg: 647.5
minu deg: 480
<class 'numpy.ndarray'>
Type of na after UMat conversion: <class 'numpy.ndarray'>, shape: (1024, 1024, 4), dtype: uint8
756
378.0
hour is : 0
min  is : 36
hour deg: 648.0
minu deg: 486
<class 'numpy.ndarray'>
Type of na after UMat conversion: <class 'numpy.ndarray'>, shape: (1024, 1024, 4), dtype: uint8
765
382.5
hour is : 0
min  is : 45
hour deg: 652.5
minu deg: 540
<class 'numpy.ndarray'>
Type of na after UMat conversion: <class 'numpy.ndarray'>, shape: (1024, 1024, 4), dtype: uint8
766
383.0
hour is : 0
min  is : 46
hour deg: 653.0
minu deg: 546
<class 'numpy.ndarray'>
Type of na after UMat conversion: <class 'numpy.ndarray'>, shape: (1024, 1024, 4), dtype: uint8
768
384.0
hour is : 0
min  is : 48
hour deg: 654.0
minu deg: 558
<class 'numpy.ndarray'>
Type of na after UMat conversion: <class 'numpy.ndarray'>, shape: (1024, 1024, 4), dtype: uint8
775
387.5
hour is : 0
min  is : 55
hour deg: 657.5
minu deg: 600
<class 'numpy.ndarray'>
Type of na after UMat conversion: <class 'numpy.ndarray'>, shape: (1024, 1024, 4), dtype: uint8
794
397.0
hour is : 1
min  is : 14
hour deg: 667.0
minu deg: 354
<class 'numpy.ndarray'>
Type of na after UMat conversion: <class 'numpy.ndarray'>, shape: (1024, 1024, 4), dtype: uint8
845
422.5
hour is : 2
min  is : 5
hour deg: 692.5
minu deg: 300
<class 'numpy.ndarray'>
Type of na after UMat conversion: <class 'numpy.ndarray'>, shape: (1024, 1024, 4), dtype: uint8
846
423.0
hour is : 2
min  is : 6
hour deg: 693.0
minu deg: 306
<class 'numpy.ndarray'>
Type of na after UMat conversion: <class 'numpy.ndarray'>, shape: (1024, 1024, 4), dtype: uint8
847
423.5
hour is : 2
min  is : 7
hour deg: 693.5
minu deg: 312
<class 'numpy.ndarray'>
Type of na after UMat conversion: <class 'numpy.ndarray'>, shape: (1024, 1024, 4), dtype: uint8
865
432.5
hour is : 2
min  is : 25
hour deg: 702.5
minu deg: 420
<class 'numpy.ndarray'>
Type of na after UMat conversion: <class 'numpy.ndarray'>, shape: (1024, 1024, 4), dtype: uint8
867
433.5
hour is : 2
min  is : 27
hour deg: 703.5
minu deg: 432
<class 'numpy.ndarray'>
Type of na after UMat conversion: <class 'numpy.ndarray'>, shape: (1024, 1024, 4), dtype: uint8
868
434.0
hour is : 2
min  is : 28
hour deg: 704.0
minu deg: 438
<class 'numpy.ndarray'>
Type of na after UMat conversion: <class 'numpy.ndarray'>, shape: (1024, 1024, 4), dtype: uint8
869
434.5
hour is : 2
min  is : 29
hour deg: 704.5
minu deg: 444
<class 'numpy.ndarray'>
Type of na after UMat conversion: <class 'numpy.ndarray'>, shape: (1024, 1024, 4), dtype: uint8
875
437.5
hour is : 2
min  is : 35
hour deg: 707.5
minu deg: 480
<class 'numpy.ndarray'>
Type of na after UMat conversion: <class 'numpy.ndarray'>, shape: (1024, 1024, 4), dtype: uint8
878
439.0
hour is : 2
min  is : 38
hour deg: 709.0
minu deg: 498
<class 'numpy.ndarray'>
Type of na after UMat conversion: <class 'numpy.ndarray'>, shape: (1024, 1024, 4), dtype: uint8
879
439.5
hour is : 2
min  is : 39
hour deg: 709.5
minu deg: 504
<class 'numpy.ndarray'>
Type of na after UMat conversion: <class 'numpy.ndarray'>, shape: (1024, 1024, 4), dtype: uint8
880
440.0
hour is : 2
min  is : 40
hour deg: 710.0
minu deg: 510
<class 'numpy.ndarray'>
Type of na after UMat conversion: <class 'numpy.ndarray'>, shape: (1024, 1024, 4), dtype: uint8
888
444.0
hour is : 2
min  is : 48
hour deg: 714.0
minu deg: 558
<class 'numpy.ndarray'>
Type of na after UMat conversion: <class 'numpy.ndarray'>, shape: (1024, 1024, 4), dtype: uint8
890
445.0
hour is : 2
min  is : 50
hour deg: 715.0
minu deg: 570
<class 'numpy.ndarray'>
Type of na after UMat conversion: <class 'numpy.ndarray'>, shape: (1024, 1024, 4), dtype: uint8
906
453.0
hour is : 3
min  is : 6
hour deg: 723.0
minu deg: 306
<class 'numpy.ndarray'>
Type of na after UMat conversion: <class 'numpy.ndarray'>, shape: (1024, 1024, 4), dtype: uint8
911
455.5
hour is : 3
min  is : 11
hour deg: 725.5
minu deg: 336
<class 'numpy.ndarray'>
Type of na after UMat conversion: <class 'numpy.ndarray'>, shape: (1024, 1024, 4), dtype: uint8
912
456.0
hour is : 3
min  is : 12
hour deg: 726.0
minu deg: 342
<class 'numpy.ndarray'>
Type of na after UMat conversion: <class 'numpy.ndarray'>, shape: (1024, 1024, 4), dtype: uint8
915
457.5
hour is : 3
min  is : 15
hour deg: 727.5
minu deg: 360
<class 'numpy.ndarray'>
Type of na after UMat conversion: <class 'numpy.ndarray'>, shape: (1024, 1024, 4), dtype: uint8
916
458.0
hour is : 3
min  is : 16
hour deg: 728.0
minu deg: 366
<class 'numpy.ndarray'>
Type of na after UMat conversion: <class 'numpy.ndarray'>, shape: (1024, 1024, 4), dtype: uint8
920
460.0
hour is : 3
min  is : 20
hour deg: 730.0
minu deg: 390
<class 'numpy.ndarray'>
Type of na after UMat conversion: <class 'numpy.ndarray'>, shape: (1024, 1024, 4), dtype: uint8
921
460.5
hour is : 3
min  is : 21
hour deg: 730.5
minu deg: 396
<class 'numpy.ndarray'>
Type of na after UMat conversion: <class 'numpy.ndarray'>, shape: (1024, 1024, 4), dtype: uint8
923
461.5
hour is : 3
min  is : 23
hour deg: 731.5
minu deg: 408
<class 'numpy.ndarray'>
Type of na after UMat conversion: <class 'numpy.ndarray'>, shape: (1024, 1024, 4), dtype: uint8
924
462.0
hour is : 3
min  is : 24
hour deg: 732.0
minu deg: 414
<class 'numpy.ndarray'>
Type of na after UMat conversion: <class 'numpy.ndarray'>, shape: (1024, 1024, 4), dtype: uint8
925
462.5
hour is : 3
min  is : 25
hour deg: 732.5
minu deg: 420
<class 'numpy.ndarray'>
Type of na after UMat conversion: <class 'numpy.ndarray'>, shape: (1024, 1024, 4), dtype: uint8
926
463.0
hour is : 3
min  is : 26
hour deg: 733.0
minu deg: 426
<class 'numpy.ndarray'>
Type of na after UMat conversion: <class 'numpy.ndarray'>, shape: (1024, 1024, 4), dtype: uint8
949
474.5
hour is : 3
min  is : 49
hour deg: 744.5
minu deg: 564
<class 'numpy.ndarray'>
Type of na after UMat conversion: <class 'numpy.ndarray'>, shape: (1024, 1024, 4), dtype: uint8
954
477.0
hour is : 3
min  is : 54
hour deg: 747.0
minu deg: 594
<class 'numpy.ndarray'>
Type of na after UMat conversion: <class 'numpy.ndarray'>, shape: (1024, 1024, 4), dtype: uint8
962
481.0
hour is : 4
min  is : 2
hour deg: 751.0
minu deg: 282
<class 'numpy.ndarray'>
Type of na after UMat conversion: <class 'numpy.ndarray'>, shape: (1024, 1024, 4), dtype: uint8
971
485.5
hour is : 4
min  is : 11
hour deg: 755.5
minu deg: 336
<class 'numpy.ndarray'>
Type of na after UMat conversion: <class 'numpy.ndarray'>, shape: (1024, 1024, 4), dtype: uint8
976
488.0
hour is : 4
min  is : 16
hour deg: 758.0
minu deg: 366
<class 'numpy.ndarray'>
Type of na after UMat conversion: <class 'numpy.ndarray'>, shape: (1024, 1024, 4), dtype: uint8
977
488.5
hour is : 4
min  is : 17
hour deg: 758.5
minu deg: 372
<class 'numpy.ndarray'>
Type of na after UMat conversion: <class 'numpy.ndarray'>, shape: (1024, 1024, 4), dtype: uint8
979
489.5
hour is : 4
min  is : 19
hour deg: 759.5
minu deg: 384
<class 'numpy.ndarray'>
Type of na after UMat conversion: <class 'numpy.ndarray'>, shape: (1024, 1024, 4), dtype: uint8
980
490.0
hour is : 4
min  is : 20
hour deg: 760.0
minu deg: 390
<class 'numpy.ndarray'>
Type of na after UMat conversion: <class 'numpy.ndarray'>, shape: (1024, 1024, 4), dtype: uint8
988
494.0
hour is : 4
min  is : 28
hour deg: 764.0
minu deg: 438
<class 'numpy.ndarray'>
Type of na after UMat conversion: <class 'numpy.ndarray'>, shape: (1024, 1024, 4), dtype: uint8
1028
514.0
hour is : 5
min  is : 8
hour deg: 784.0
minu deg: 318
<class 'numpy.ndarray'>
Type of na after UMat conversion: <class 'numpy.ndarray'>, shape: (1024, 1024, 4), dtype: uint8
1029
514.5
hour is : 5
min  is : 9
hour deg: 784.5
minu deg: 324
<class 'numpy.ndarray'>
Type of na after UMat conversion: <class 'numpy.ndarray'>, shape: (1024, 1024, 4), dtype: uint8
1031
515.5
hour is : 5
min  is : 11
hour deg: 785.5
minu deg: 336
<class 'numpy.ndarray'>
Type of na after UMat conversion: <class 'numpy.ndarray'>, shape: (1024, 1024, 4), dtype: uint8
1032
516.0
hour is : 5
min  is : 12
hour deg: 786.0
minu deg: 342
<class 'numpy.ndarray'>
Type of na after UMat conversion: <class 'numpy.ndarray'>, shape: (1024, 1024, 4), dtype: uint8
1042
521.0
hour is : 5
min  is : 22
hour deg: 791.0
minu deg: 402
<class 'numpy.ndarray'>
Type of na after UMat conversion: <class 'numpy.ndarray'>, shape: (1024, 1024, 4), dtype: uint8
1046
523.0
hour is : 5
min  is : 26
hour deg: 793.0
minu deg: 426
<class 'numpy.ndarray'>
Type of na after UMat conversion: <class 'numpy.ndarray'>, shape: (1024, 1024, 4), dtype: uint8
1048
524.0
hour is : 5
min  is : 28
hour deg: 794.0
minu deg: 438
<class 'numpy.ndarray'>
Type of na after UMat conversion: <class 'numpy.ndarray'>, shape: (1024, 1024, 4), dtype: uint8
1067
533.5
hour is : 5
min  is : 47
hour deg: 803.5
minu deg: 552
<class 'numpy.ndarray'>
Type of na after UMat conversion: <class 'numpy.ndarray'>, shape: (1024, 1024, 4), dtype: uint8
1071
535.5
hour is : 5
min  is : 51
hour deg: 805.5
minu deg: 576
<class 'numpy.ndarray'>
Type of na after UMat conversion: <class 'numpy.ndarray'>, shape: (1024, 1024, 4), dtype: uint8
1072
536.0
hour is : 5
min  is : 52
hour deg: 806.0
minu deg: 582
<class 'numpy.ndarray'>
Type of na after UMat conversion: <class 'numpy.ndarray'>, shape: (1024, 1024, 4), dtype: uint8
1104
552.0
hour is : 6
min  is : 24
hour deg: 822.0
minu deg: 414
<class 'numpy.ndarray'>
Type of na after UMat conversion: <class 'numpy.ndarray'>, shape: (1024, 1024, 4), dtype: uint8
1105
552.5
hour is : 6
min  is : 25
hour deg: 822.5
minu deg: 420
<class 'numpy.ndarray'>
Type of na after UMat conversion: <class 'numpy.ndarray'>, shape: (1024, 1024, 4), dtype: uint8
1136
568.0
hour is : 6
min  is : 56
hour deg: 838.0
minu deg: 606
<class 'numpy.ndarray'>
Type of na after UMat conversion: <class 'numpy.ndarray'>, shape: (1024, 1024, 4), dtype: uint8
1150
575.0
hour is : 7
min  is : 10
hour deg: 845.0
minu deg: 330
<class 'numpy.ndarray'>
Type of na after UMat conversion: <class 'numpy.ndarray'>, shape: (1024, 1024, 4), dtype: uint8
1152
576.0
hour is : 7
min  is : 12
hour deg: 846.0
minu deg: 342
<class 'numpy.ndarray'>
Type of na after UMat conversion: <class 'numpy.ndarray'>, shape: (1024, 1024, 4), dtype: uint8
1153
576.5
hour is : 7
min  is : 13
hour deg: 846.5
minu deg: 348
<class 'numpy.ndarray'>
Type of na after UMat conversion: <class 'numpy.ndarray'>, shape: (1024, 1024, 4), dtype: uint8
1181
590.5
hour is : 7
min  is : 41
hour deg: 860.5
minu deg: 516
<class 'numpy.ndarray'>
Type of na after UMat conversion: <class 'numpy.ndarray'>, shape: (1024, 1024, 4), dtype: uint8
1182
591.0
hour is : 7
min  is : 42
hour deg: 861.0
minu deg: 522
<class 'numpy.ndarray'>
Type of na after UMat conversion: <class 'numpy.ndarray'>, shape: (1024, 1024, 4), dtype: uint8
1190
595.0
hour is : 7
min  is : 50
hour deg: 865.0
minu deg: 570
<class 'numpy.ndarray'>
Type of na after UMat conversion: <class 'numpy.ndarray'>, shape: (1024, 1024, 4), dtype: uint8
1192
596.0
hour is : 7
min  is : 52
hour deg: 866.0
minu deg: 582
<class 'numpy.ndarray'>
Type of na after UMat conversion: <class 'numpy.ndarray'>, shape: (1024, 1024, 4), dtype: uint8
1234
617.0
hour is : 8
min  is : 34
hour deg: 887.0
minu deg: 474
<class 'numpy.ndarray'>
Type of na after UMat conversion: <class 'numpy.ndarray'>, shape: (1024, 1024, 4), dtype: uint8
1237
618.5
hour is : 8
min  is : 37
hour deg: 888.5
minu deg: 492
<class 'numpy.ndarray'>
Type of na after UMat conversion: <class 'numpy.ndarray'>, shape: (1024, 1024, 4), dtype: uint8
1272
636.0
hour is : 9
min  is : 12
hour deg: 906.0
minu deg: 342
<class 'numpy.ndarray'>
Type of na after UMat conversion: <class 'numpy.ndarray'>, shape: (1024, 1024, 4), dtype: uint8
1313
656.5
hour is : 9
min  is : 53
hour deg: 926.5
minu deg: 588
<class 'numpy.ndarray'>
Type of na after UMat conversion: <class 'numpy.ndarray'>, shape: (1024, 1024, 4), dtype: uint8
1313
656.5
hour is : 9
min  is : 53
hour deg: 926.5
minu deg: 588
<class 'numpy.ndarray'>
Type of na after UMat conversion: <class 'numpy.ndarray'>, shape: (1024, 1024, 4), dtype: uint8
1314
657.0
hour is : 9
min  is : 54
hour deg: 927.0
minu deg: 594
<class 'numpy.ndarray'>
Type of na after UMat conversion: <class 'numpy.ndarray'>, shape: (1024, 1024, 4), dtype: uint8
1344
672.0
hour is : 10
min  is : 24
hour deg: 942.0
minu deg: 414
<class 'numpy.ndarray'>
Type of na after UMat conversion: <class 'numpy.ndarray'>, shape: (1024, 1024, 4), dtype: uint8
1345
672.5
hour is : 10
min  is : 25
hour deg: 942.5
minu deg: 420
<class 'numpy.ndarray'>
Type of na after UMat conversion: <class 'numpy.ndarray'>, shape: (1024, 1024, 4), dtype: uint8
1350
675.0
hour is : 10
min  is : 30
hour deg: 945.0
minu deg: 450
<class 'numpy.ndarray'>
Type of na after UMat conversion: <class 'numpy.ndarray'>, shape: (1024, 1024, 4), dtype: uint8
1351
675.5
hour is : 10
min  is : 31
hour deg: 945.5
minu deg: 456
<class 'numpy.ndarray'>
Type of na after UMat conversion: <class 'numpy.ndarray'>, shape: (1024, 1024, 4), dtype: uint8
1356
678.0
hour is : 10
min  is : 36
hour deg: 948.0
minu deg: 486
<class 'numpy.ndarray'>
Type of na after UMat conversion: <class 'numpy.ndarray'>, shape: (1024, 1024, 4), dtype: uint8
1395
697.5
hour is : 11
min  is : 15
hour deg: 967.5
minu deg: 360
<class 'numpy.ndarray'>
Type of na after UMat conversion: <class 'numpy.ndarray'>, shape: (1024, 1024, 4), dtype: uint8
1396
698.0
hour is : 11
min  is : 16
hour deg: 968.0
minu deg: 366
<class 'numpy.ndarray'>
Type of na after UMat conversion: <class 'numpy.ndarray'>, shape: (1024, 1024, 4), dtype: uint8
12
6.0
hour is : 0
min  is : 12
hour deg: 276.0
minu deg: 342
<class 'numpy.ndarray'>
Type of na after UMat conversion: <class 'numpy.ndarray'>, shape: (1024, 1024, 4), dtype: uint8
45
22.5
hour is : 0
min  is : 45
hour deg: 292.5
minu deg: 540
<class 'numpy.ndarray'>
Type of na after UMat conversion: <class 'numpy.ndarray'>, shape: (1024, 1024, 4), dtype: uint8
53
26.5
hour is : 0
min  is : 53
hour deg: 296.5
minu deg: 588
<class 'numpy.ndarray'>
Type of na after UMat conversion: <class 'numpy.ndarray'>, shape: (1024, 1024, 4), dtype: uint8
54
27.0
hour is : 0
min  is : 54
hour deg: 297.0
minu deg: 594
<class 'numpy.ndarray'>
Type of na after UMat conversion: <class 'numpy.ndarray'>, shape: (1024, 1024, 4), dtype: uint8
55
27.5
hour is : 0
min  is : 55
hour deg: 297.5
minu deg: 600
<class 'numpy.ndarray'>
Type of na after UMat conversion: <class 'numpy.ndarray'>, shape: (1024, 1024, 4), dtype: uint8
56
28.0
hour is : 0
min  is : 56
hour deg: 298.0
minu deg: 606
<class 'numpy.ndarray'>
Type of na after UMat conversion: <class 'numpy.ndarray'>, shape: (1024, 1024, 4), dtype: uint8
57
28.5
hour is : 0
min  is : 57
hour deg: 298.5
minu deg: 612
<class 'numpy.ndarray'>
Type of na after UMat conversion: <class 'numpy.ndarray'>, shape: (1024, 1024, 4), dtype: uint8
58
29.0
hour is : 0
min  is : 58
hour deg: 299.0
minu deg: 618
<class 'numpy.ndarray'>
Type of na after UMat conversion: <class 'numpy.ndarray'>, shape: (1024, 1024, 4), dtype: uint8
59
29.5
hour is : 0
min  is : 59
hour deg: 299.5
minu deg: 624
<class 'numpy.ndarray'>
Type of na after UMat conversion: <class 'numpy.ndarray'>, shape: (1024, 1024, 4), dtype: uint8
60
30.0
hour is : 1
min  is : 0
hour deg: 300.0
minu deg: 270
<class 'numpy.ndarray'>
Type of na after UMat conversion: <class 'numpy.ndarray'>, shape: (1024, 1024, 4), dtype: uint8
61
30.5
hour is : 1
min  is : 1
hour deg: 300.5
minu deg: 276
<class 'numpy.ndarray'>
Type of na after UMat conversion: <class 'numpy.ndarray'>, shape: (1024, 1024, 4), dtype: uint8
62
31.0
hour is : 1
min  is : 2
hour deg: 301.0
minu deg: 282
<class 'numpy.ndarray'>
Type of na after UMat conversion: <class 'numpy.ndarray'>, shape: (1024, 1024, 4), dtype: uint8
63
31.5
hour is : 1
min  is : 3
hour deg: 301.5
minu deg: 288
<class 'numpy.ndarray'>
Type of na after UMat conversion: <class 'numpy.ndarray'>, shape: (1024, 1024, 4), dtype: uint8
64
32.0
hour is : 1
min  is : 4
hour deg: 302.0
minu deg: 294
<class 'numpy.ndarray'>
Type of na after UMat conversion: <class 'numpy.ndarray'>, shape: (1024, 1024, 4), dtype: uint8
65
32.5
hour is : 1
min  is : 5
hour deg: 302.5
minu deg: 300
<class 'numpy.ndarray'>
Type of na after UMat conversion: <class 'numpy.ndarray'>, shape: (1024, 1024, 4), dtype: uint8
66
33.0
hour is : 1
min  is : 6
hour deg: 303.0
minu deg: 306
<class 'numpy.ndarray'>
Type of na after UMat conversion: <class 'numpy.ndarray'>, shape: (1024, 1024, 4), dtype: uint8
